Global:

  Symbol          Redirected to         Reason
  ------          -------------         ------
  __as_NullEntry  __as_NullEntryStrict  command line
              definition:  __as_table_start
              definition:  __as_entries_start
Loading object D:\ElsewedyElectrometer\FinalVersion\Module\Module\Compiler\Debug\Obj\ADC_Program.o.
              reference :  ADC_DeInit
              reference :  ADC_GetADCConversionValue
              reference :  ADC_Init
              reference :  ADC_RESDivisionCmd
              reference :  ADC_StartManual
              reference :  ADC_WaitForManual
              reference :  NVR_GetBATOffset
              reference :  __aeabi_cfcmpeq
              reference :  __aeabi_cfcmple
              reference :  __aeabi_d2f
              reference :  __aeabi_dadd
              reference :  __aeabi_ddiv
              reference :  __aeabi_dmul
              reference :  __aeabi_f2d
              reference :  __aeabi_f2iz
              reference :  __aeabi_fadd
              reference :  __aeabi_fmul
              reference :  __aeabi_i2d
              reference :  __aeabi_i2f
              reference :  ana_reg3_tmp
              reference :  battery_percentage_fraction
              definition:  ADC_CalculateVoltage
              definition:  Glob_f32_Vbatresistor
              definition:  NVR_GetADCVoltageParameter
              definition:  S_ADC_Get_Vbat
              definition:  S_ADC_Get_VoltBat_1
              definition:  S_ADC_Init
Loading object D:\ElsewedyElectrometer\FinalVersion\Module\Module\Compiler\Debug\Obj\CLK_Program.o.
              reference :  CLK_ClockConfig
              definition:  S_CLK_Init
Loading object D:\ElsewedyElectrometer\FinalVersion\Module\Module\Compiler\Debug\Obj\Driver_ISO7816_V85XX.o.
Loading object D:\ElsewedyElectrometer\FinalVersion\Module\Module\Compiler\Debug\Obj\Driver_ISO7816_V94XX.o.
              reference :  CLK_APBPeriphralCmd
              reference :  CLK_GetPCLKFreq
              reference :  __aeabi_memset
              reference :  __aeabi_uidiv
              definition:  ARM_ISO78160_IRQHandler
              definition:  ARM_ISO78161_IRQHandler
              definition:  ARM_ISO7816_SignalEvent
              definition:  Driver_ISO78160
              definition:  Driver_ISO78161
              definition:  ctrl_msk
Loading object D:\ElsewedyElectrometer\FinalVersion\Module\Module\Compiler\Debug\Obj\GPIO_Program.o.
              reference :  CORTEX_SetPriority_ClearPending_EnableIRQ
              reference :  Delay_ms
              reference :  GPIOA_AFConfig
              reference :  GPIOA_Init
              reference :  GPIOA_ReadInputDataBit
              reference :  GPIOA_ResetBits
              reference :  GPIOA_SetBits
              reference :  GPIOBToF_AFConfig
              reference :  GPIOBToF_Init
              reference :  GPIOBToF_ReadInputDataBit
              reference :  GPIOBToF_ResetBits
              reference :  GPIOBToF_SetBits
              reference :  I2C_Cmd
              reference :  PMU_ClearIOAINTStatus
              reference :  PMU_INTConfig
              reference :  PMU_WakeUpPinConfig
              reference :  toggle_pin
              definition:  Dot_Matrix_GPIO_INIT
              definition:  GPIO_AFConfig
              definition:  Glob_U8_RelayStatus
              definition:  S_GPIO_Clear_Bits
              definition:  S_GPIO_Get_Bits
              definition:  S_GPIO_Set_Bits
              definition:  S_GPIO_Toggle_Bits
              definition:  S_GpioControlRelay
              definition:  S_GpioDisableRfidBoard
              definition:  S_GpioEnableRfidBoard
              definition:  S_GpioI2cInitPinsOpLow
              definition:  S_GpioInitCalibPinINPUT
              definition:  S_GpioInit_ALL_Modules
              definition:  S_GpioInit_PIN
              definition:  S_GpioShutdownPWD
              definition:  S_GpioWakeUpPinsInit
Loading object D:\ElsewedyElectrometer\FinalVersion\Module\Module\Compiler\Debug\Obj\I2C_Program.o.
              reference :  I2C_Cmd
              reference :  I2C_DeInit
              reference :  I2C_Init
              reference :  I2C_MasterReadBytes
              reference :  I2C_MasterWriteBytes
              reference :  I2C_SendStop
              definition:  S_I2C_INIT
              definition:  S_I2C_Key_RX_frame
              definition:  S_I2C_Key_TX_frame
              definition:  S_I2C_Read
              definition:  S_I2C_Write
Loading object D:\ElsewedyElectrometer\FinalVersion\Module\Module\Compiler\Debug\Obj\ISO7816_Program.o.
              reference :  ISO7816_AbortOperation
              reference :  ISO7816_BaudrateConfig
              reference :  ISO7816_DeInit
              reference :  ISO7816_GetBaudrate
              reference :  ISO7816_GetRxCount
              reference :  ISO7816_GetTxCount
              reference :  ISO7816_Init
              reference :  ISO7816_ReceiveData
              reference :  ISO7816_StructInit
              reference :  ISO7816_TransmitData
              definition:  Init_ISO7816
              definition:  S_ISO7816_ABORT_Operation
              definition:  S_ISO7816_DE_INIT
              definition:  S_ISO7816_GET_Baudrate
              definition:  S_ISO7816_INIT
              definition:  S_ISO7816_RECEIVE
              definition:  S_ISO7816_Received_Data_Count
              definition:  S_ISO7816_SET_Baudrate
              definition:  S_ISO7816_Sent_Data_Count
              definition:  S_ISO7816_TRANSMIT
Loading object D:\ElsewedyElectrometer\FinalVersion\Module\Module\Compiler\Debug\Obj\keypad.o.
              definition:  keypad_deinit
              definition:  keypad_func_table
              definition:  keypad_get_key
              definition:  keypad_init
              definition:  keypad_wait_for_key
              definition:  module_magic
Loading object D:\ElsewedyElectrometer\FinalVersion\Module\Module\Compiler\Debug\Obj\meter_init.o.
              reference :  Delay_ms
              reference :  Dot_Clear_Screen
              reference :  Flash_app_load_backup
              reference :  PMU_GetPowerStatus
              reference :  S_ADC_Init
              reference :  S_I2C_INIT
              reference :  S_SPI1_INIT
              reference :  S_UART_INIT
              reference :  comm_init
              reference :  ctrl_init
              reference :  ctrl_load_backup
              reference :  display_init
              reference :  file_sys_init
              reference :  is_Flash_work
              reference :  mtr_init
              reference :  mtr_load_backup
              reference :  trf_load_backup
              reference :  trf_pymt_init
              definition:  eeprom_load_errors_register
              definition:  vMC_DriversInit
              definition:  vMeter_Init
Loading object D:\ElsewedyElectrometer\FinalVersion\Module\Module\Compiler\Debug\Obj\RTC_Program.o.
              reference :  BCDToDecimal
              reference :  CORTEX_NVIC_EnableIRQ
              reference :  DecimalToBCD
              reference :  RTC_INTConfig
              reference :  RTC_WKUSecondsConfig
              reference :  RTC_WaitForSynchro
              reference :  RTC_WriteProtection
              reference :  __aeabi_cfcmple
              reference :  __aeabi_cfrcmple
              reference :  __aeabi_d2f
              reference :  __aeabi_d2iz
              reference :  __aeabi_dadd
              reference :  __aeabi_ddiv
              reference :  __aeabi_dmul
              reference :  __aeabi_f2d
              reference :  __aeabi_fmul
              reference :  __aeabi_fsub
              reference :  __aeabi_i2d
              reference :  __aeabi_i2f
              reference :  __aeabi_idiv
              reference :  __aeabi_ui2d
              definition:  CalRTC_Normal
              definition:  CalRTC_REG
              definition:  CalRTC_Wakeup
              definition:  Delayms_Normal
              definition:  Delayms_Wakeup
              definition:  RTC_cal_update
              definition:  Read_Temperature_Normal
              definition:  Read_Temperature_Wakeup
              definition:  S_RTC_C_GetRTCDAY
              definition:  S_RTC_C_GetRTCDOW
              definition:  S_RTC_C_GetRTCHOUR
              definition:  S_RTC_C_GetRTCMIN
              definition:  S_RTC_C_GetRTCMON
              definition:  S_RTC_C_GetRTCSEC
              definition:  S_RTC_C_GetRTCYEAR
              definition:  S_RTC_C_SetRTCDAY
              definition:  S_RTC_C_SetRTCDOW
              definition:  S_RTC_C_SetRTCHOUR
              definition:  S_RTC_C_SetRTCMIN
              definition:  S_RTC_C_SetRTCMON
              definition:  S_RTC_C_SetRTCSEC
              definition:  S_RTC_C_SetRTCYEAR
              definition:  S_RTC_C_Update
              definition:  S_RTC_C_UpdateDate
              definition:  S_RTC_C_UpdateTime
              definition:  S_RTC_C_getCalendarTime
              definition:  S_RTC_init
Loading object D:\ElsewedyElectrometer\FinalVersion\Module\Module\Compiler\Debug\Obj\SPI_Program.o.
              reference :  SPI_Cmd
              reference :  SPI_DeviceInit
              reference :  SPI_GetStatus
              reference :  SPI_Init
              definition:  SPI1_rx_frame
              definition:  SPI2_rx_frame
              definition:  S_SPI1_INIT
              definition:  S_SPI1_TX_FRAME
              definition:  S_SPI2_INIT
              definition:  S_SPI2_TX_FRAME
Loading object D:\ElsewedyElectrometer\FinalVersion\Module\Module\Compiler\Debug\Obj\System_V94XX.o.
              definition:  SystemInit
              definition:  SystemUpdate
Loading object D:\ElsewedyElectrometer\FinalVersion\Module\Module\Compiler\Debug\Obj\SystemTick_Program.o.
              reference :  CLK_GetHCLKFreq
              reference :  CORTEX_NVIC_DisableIRQ
              reference :  CORTEX_SetPriority_ClearPending_EnableIRQ
              reference :  CORTEX_SystemTick_Config
              reference :  __aeabi_memset
              reference :  __aeabi_uidiv
              definition:  S_Capture_Systick_Time_Point
              definition:  S_Get_SysTick_Counts
              definition:  S_Get_Systick_Time_Measure
              definition:  S_Start_Systick_Time_Measure
              definition:  S_Stop_Systick_Time_Measure
              definition:  S_SysTick_ISR_Cb
Loading object D:\ElsewedyElectrometer\FinalVersion\Module\Module\Compiler\Debug\Obj\Timer_Program.o.
              reference :  CLK_GetPCLKFreq
              reference :  CORTEX_SetPriority_ClearPending_EnableIRQ
              reference :  TMR_Cmd
              reference :  TMR_DeInit
              reference :  TMR_INTConfig
              reference :  TMR_Init
              reference :  __aeabi_uidiv
              definition:  S_Timer1_CONFIG
              definition:  S_Timer2_CONFIG
              definition:  S_Timer_Internal_INIT
              definition:  timer1_tick_ms
Loading object D:\ElsewedyElectrometer\FinalVersion\Module\Module\Compiler\Debug\Obj\UART_Program.o.
              reference :  CLK_GetHCLKFreq
              reference :  CORTEX_SetPriority_ClearPending_EnableIRQ
              reference :  Delay_ms
              reference :  S_GPIO_Clear_Bits
              reference :  S_GPIO_Set_Bits
              reference :  UART_ClearFlag
              reference :  UART_Cmd
              reference :  UART_DeInit
              reference :  UART_GetFlag
              reference :  UART_INTConfig
              reference :  UART_Init
              reference :  UART_ReceiveData
              reference :  UART_SendData
              reference :  __aeabi_idivmod
              reference :  __aeabi_uidiv
              definition:  OPTRXBUF
              definition:  RSRXBUF
              definition:  S_SendFrameUSCI_A0
              definition:  S_UART_Clear_RX_BUFFER
              definition:  S_UART_DISABLE
              definition:  S_UART_INIT
              definition:  S_UART_RECEIVE_BYTE
              definition:  S_UART_RX_FRAME
              definition:  S_UART_SEND_BYTE
              definition:  S_UART_SEND_FRAME
              definition:  USCI_A0RxBuffer
              definition:  USCI_A0RxIndex
              definition:  USCI_A3RxBuffer
              definition:  USCI_A3RxIndex
              definition:  UartParityTemp
              definition:  clear_even_parity_flag
              definition:  get_even_flag_uart
              definition:  uart_debug_byte
              definition:  __iar_cc..0x70b58c78 7c62e557
Loading object D:\ElsewedyElectrometer\FinalVersion\Module\Module\Compiler\Debug\Obj\v85xx_adc.o.
Loading object D:\ElsewedyElectrometer\FinalVersion\Module\Module\Compiler\Debug\Obj\v85xx_adc_tiny.o.
Loading object D:\ElsewedyElectrometer\FinalVersion\Module\Module\Compiler\Debug\Obj\v85xx_ana.o.
Loading object D:\ElsewedyElectrometer\FinalVersion\Module\Module\Compiler\Debug\Obj\v85xx_clk.o.
Loading object D:\ElsewedyElectrometer\FinalVersion\Module\Module\Compiler\Debug\Obj\v85xx_comp.o.
Loading object D:\ElsewedyElectrometer\FinalVersion\Module\Module\Compiler\Debug\Obj\v85xx_cortex.o.
Loading object D:\ElsewedyElectrometer\FinalVersion\Module\Module\Compiler\Debug\Obj\v85xx_crypt.o.
Loading object D:\ElsewedyElectrometer\FinalVersion\Module\Module\Compiler\Debug\Obj\v85xx_dma.o.
Loading object D:\ElsewedyElectrometer\FinalVersion\Module\Module\Compiler\Debug\Obj\v85xx_flash.o.
Loading object D:\ElsewedyElectrometer\FinalVersion\Module\Module\Compiler\Debug\Obj\v85xx_gpio.o.
Loading object D:\ElsewedyElectrometer\FinalVersion\Module\Module\Compiler\Debug\Obj\v85xx_i2c.o.
Loading object D:\ElsewedyElectrometer\FinalVersion\Module\Module\Compiler\Debug\Obj\v85xx_iso7816.o.
Loading object D:\ElsewedyElectrometer\FinalVersion\Module\Module\Compiler\Debug\Obj\v85xx_isr.o.
Loading object D:\ElsewedyElectrometer\FinalVersion\Module\Module\Compiler\Debug\Obj\v85xx_lcd.o.
Loading object D:\ElsewedyElectrometer\FinalVersion\Module\Module\Compiler\Debug\Obj\v85xx_LoadNVR.o.
Loading object D:\ElsewedyElectrometer\FinalVersion\Module\Module\Compiler\Debug\Obj\v85xx_misc.o.
Loading object D:\ElsewedyElectrometer\FinalVersion\Module\Module\Compiler\Debug\Obj\v85xx_pmu.o.
Loading object D:\ElsewedyElectrometer\FinalVersion\Module\Module\Compiler\Debug\Obj\v85xx_pwm.o.
Loading object D:\ElsewedyElectrometer\FinalVersion\Module\Module\Compiler\Debug\Obj\v85xx_rtc.o.
Loading object D:\ElsewedyElectrometer\FinalVersion\Module\Module\Compiler\Debug\Obj\v85xx_spi.o.
Loading object D:\ElsewedyElectrometer\FinalVersion\Module\Module\Compiler\Debug\Obj\v85xx_tmr.o.
Loading object D:\ElsewedyElectrometer\FinalVersion\Module\Module\Compiler\Debug\Obj\v85xx_u32k.o.
Loading object D:\ElsewedyElectrometer\FinalVersion\Module\Module\Compiler\Debug\Obj\v85xx_uart.o.
Loading object D:\ElsewedyElectrometer\FinalVersion\Module\Module\Compiler\Debug\Obj\v85xx_version.o.
Loading object D:\ElsewedyElectrometer\FinalVersion\Module\Module\Compiler\Debug\Obj\v85xx_wdt.o.
Loading object D:\ElsewedyElectrometer\FinalVersion\Module\Module\Compiler\Debug\Obj\V94XX_ADC.o.
              reference :  NVR_GetBATOffset
              reference :  NVR_GetInfo_LoadRTCData
              reference :  __aeabi_d2f
              reference :  __aeabi_dadd
              reference :  __aeabi_ddiv
              reference :  __aeabi_dmul
              reference :  __aeabi_f2d
              reference :  __aeabi_fmul
              reference :  __aeabi_i2d
              reference :  __aeabi_i2f
              reference :  ana_reg3_tmp
              definition:  ADC_CAPDivisionCmd
              definition:  ADC_CICAlwaysOnCmd
              definition:  ADC_CICDownSamRateConfig
              definition:  ADC_CICINVCmd
              definition:  ADC_CICScaleDownConfig
              definition:  ADC_CICSkipConfig
              definition:  ADC_ClearAutoDoneFlag
              definition:  ADC_ClearManualDoneFlag
              definition:  ADC_Cmd
              definition:  ADC_DeInit
              definition:  ADC_GetADCConversionValue
              definition:  ADC_GetAutoDoneFlag
              definition:  ADC_GetBAT1Voltage_Fast
              definition:  ADC_GetBAT1Voltage_Normal
              definition:  ADC_GetBAT2Voltage_Fast
              definition:  ADC_GetBAT2Voltage_Normal
              definition:  ADC_GetManualDoneFlag
              definition:  ADC_GetTemperature
              definition:  ADC_INTConfig
              definition:  ADC_Init
              definition:  ADC_RESDivisionCmd
              definition:  ADC_StartManual
              definition:  ADC_StructInit
              definition:  ADC_TrigSourceConfig
              definition:  ADC_WaitForManual
              definition:  timeout_adc
Loading object D:\ElsewedyElectrometer\FinalVersion\Module\Module\Compiler\Debug\Obj\V94XX_ADC_Tiny.o.
              definition:  TADC_ClearINTStatus
              definition:  TADC_Cmd
              definition:  TADC_DeInit
              definition:  TADC_GetINTStatus
              definition:  TADC_GetOutput
              definition:  TADC_INTConfig
              definition:  TADC_Init
              definition:  TADC_IntTHConfig
              definition:  TADC_StructInit
Loading object D:\ElsewedyElectrometer\FinalVersion\Module\Module\Compiler\Debug\Obj\V94XX_ANA.o.
              definition:  ANA_ClearINTStatus
              definition:  ANA_GetINTStatus
              definition:  ANA_GetStatus
              definition:  ANA_INTConfig
Loading object D:\ElsewedyElectrometer\FinalVersion\Module\Module\Compiler\Debug\Obj\V94XX_CLK.o.
              reference :  RTC_PrescalerConfig
              reference :  __aeabi_uidiv
              definition:  CLK_AHBPeriphralCmd
              definition:  CLK_APBPeriphralCmd
              definition:  CLK_ClockConfig
              definition:  CLK_GetClockConfig
              definition:  CLK_GetHCLKFreq
              definition:  CLK_GetPCLKFreq
              definition:  CLK_GetPLLLockStatus
              definition:  CLK_GetXTALHStatus
              definition:  CLK_GetXTALLStatus
              definition:  ana_reg3_tmp
              definition:  timeout_clk
Loading object D:\ElsewedyElectrometer\FinalVersion\Module\Module\Compiler\Debug\Obj\V94XX_CodeRAM.o.
              definition:  PMU_EnterIdle_FlashDSTB
Loading object D:\ElsewedyElectrometer\FinalVersion\Module\Module\Compiler\Debug\Obj\V94XX_COMP.o.
              reference :  ana_reg3_tmp
              definition:  COMP1_GetOutputLevel
              definition:  COMP2_GetOutputLevel
              definition:  COMP_BiasConfig
              definition:  COMP_ClearCNTValue
              definition:  COMP_ClearINTStatus
              definition:  COMP_Cmd
              definition:  COMP_DEBConfig
              definition:  COMP_GetCNTValue
              definition:  COMP_GetINTStatus
              definition:  COMP_INTConfig
              definition:  COMP_ModeConfig
              definition:  COMP_Output_Cmd
              definition:  COMP_REFConfig
              definition:  COMP_SignalSourceConfig
Loading object D:\ElsewedyElectrometer\FinalVersion\Module\Module\Compiler\Debug\Obj\V94XX_CORTEX.o.
              definition:  CORTEX_NVIC_ClearPendingIRQ
              definition:  CORTEX_NVIC_DisableIRQ
              definition:  CORTEX_NVIC_EnableIRQ
              definition:  CORTEX_NVIC_GetPendingIRQ
              definition:  CORTEX_NVIC_GetPriority
              definition:  CORTEX_NVIC_SetPendingIRQ
              definition:  CORTEX_NVIC_SetPriority
              definition:  CORTEX_NVIC_SystemReset
              definition:  CORTEX_SetPriority_ClearPending_EnableIRQ
              definition:  CORTEX_SystemTick_Config
              definition:  __iar_cc..0x70b58c78 7c62e557
Loading object D:\ElsewedyElectrometer\FinalVersion\Module\Module\Compiler\Debug\Obj\V94XX_CRYPT.o.
              definition:  CRYPT_AddressAConfig
              definition:  CRYPT_AddressBConfig
              definition:  CRYPT_AddressOConfig
              definition:  CRYPT_GetCarryBorrowBit
              definition:  CRYPT_StartAdd
              definition:  CRYPT_StartMultiply
              definition:  CRYPT_StartRShift1
              definition:  CRYPT_StartSub
              definition:  CRYPT_WaitForLastOperation
Loading object D:\ElsewedyElectrometer\FinalVersion\Module\Module\Compiler\Debug\Obj\V94XX_DMA.o.
              definition:  DMA_AESCmd
              definition:  DMA_AESDeInit
              definition:  DMA_AESInit
              definition:  DMA_ClearINTStatus
              definition:  DMA_Cmd
              definition:  DMA_DeInit
              definition:  DMA_GetFrameLenTransferred
              definition:  DMA_GetINTStatus
              definition:  DMA_GetPackLenTransferred
              definition:  DMA_INTConfig
              definition:  DMA_Init
              definition:  DMA_StopTransmit
Loading object D:\ElsewedyElectrometer\FinalVersion\Module\Module\Compiler\Debug\Obj\V94XX_FLASH.o.
              reference :  CLK_GetHCLKFreq
              reference :  __aeabi_uidiv
              definition:  FLASH_ClearINTStatus
              definition:  FLASH_CycleInit
              definition:  FLASH_GetCheckSum
              definition:  FLASH_GetINTStatus
              definition:  FLASH_GetWriteStatus
              definition:  FLASH_INTConfig
              definition:  FLASH_Init
              definition:  FLASH_ProgramByte
              definition:  FLASH_ProgramHWord
              definition:  FLASH_ProgramWord
              definition:  FLASH_SectorErase
              definition:  FLASH_SetCheckSumCompValue
              definition:  FLASH_SetCheckSumRange
              definition:  lock_int_flash
              definition:  timeout_flash
              definition:  unlock_int_flash
Loading object D:\ElsewedyElectrometer\FinalVersion\Module\Module\Compiler\Debug\Obj\V94XX_GPIO.o.
              definition:  GPIOA_AFConfig
              definition:  GPIOA_Init
              definition:  GPIOA_NoDeg_Cmd
              definition:  GPIOA_ReadInputData
              definition:  GPIOA_ReadInputDataBit
              definition:  GPIOA_ReadOutputData
              definition:  GPIOA_ReadOutputDataBit
              definition:  GPIOA_ResetBits
              definition:  GPIOA_SetBits
              definition:  GPIOA_Write
              definition:  GPIOA_WriteBit
              definition:  GPIOBToF_AFConfig
              definition:  GPIOBToF_Init
              definition:  GPIOBToF_ReadInputData
              definition:  GPIOBToF_ReadInputDataBit
              definition:  GPIOBToF_ReadOutputData
              definition:  GPIOBToF_ReadOutputDataBit
              definition:  GPIOBToF_ResetBits
              definition:  GPIOBToF_SetBits
              definition:  GPIOBToF_Write
              definition:  GPIOBToF_WriteBit
              definition:  GPIO_Init
              definition:  GPIO_PLLDIV_Config
              definition:  GPIO_PinRemapConfig
              definition:  GPIO_ReadInputData
              definition:  GPIO_ReadInputDataBit
              definition:  GPIO_ReadOutputData
              definition:  GPIO_ReadOutputDataBit
              definition:  GPIO_ResetBits
              definition:  GPIO_SetBits
              definition:  GPIO_Write
              definition:  GPIO_WriteBit
              definition:  toggle_pin
Loading object D:\ElsewedyElectrometer\FinalVersion\Module\Module\Compiler\Debug\Obj\V94XX_I2C.o.
              reference :  __aeabi_uidivmod
              definition:  I2C_AssertAcknowledgeConfig
              definition:  I2C_CheckState
              definition:  I2C_ClearBus
              definition:  I2C_ClearINTStatus
              definition:  I2C_Cmd
              definition:  I2C_DeInit
              definition:  I2C_GenerateSTART
              definition:  I2C_GenerateSTOP
              definition:  I2C_GetINTStatus
              definition:  I2C_GetStatusCode
              definition:  I2C_INTConfig
              definition:  I2C_Init
              definition:  I2C_MasterReadBytes
              definition:  I2C_MasterWriteBytes
              definition:  I2C_ReceiveByte
              definition:  I2C_ReceiveData
              definition:  I2C_SendByte
              definition:  I2C_SendData
              definition:  I2C_SendRestart
              definition:  I2C_SendStart
              definition:  I2C_SendStop
              definition:  I2C_StructInit
              definition:  I2C_WaitForCrossPage
Loading object D:\ElsewedyElectrometer\FinalVersion\Module\Module\Compiler\Debug\Obj\V94XX_ISO7816.o.
              reference :  CORTEX_NVIC_DisableIRQ
              reference :  CORTEX_SetPriority_ClearPending_EnableIRQ
              reference :  Driver_ISO78160
              reference :  Driver_ISO78161
              reference :  __aeabi_memset
              definition:  BAUDRATE
              definition:  Drv_ISO7816
              definition:  ISO7816_AbortOperation
              definition:  ISO7816_BaudrateConfig
              definition:  ISO7816_CLKDIVConfig
              definition:  ISO7816_CLKOutputCmd
              definition:  ISO7816_ClearFlag
              definition:  ISO7816_ClearINTStatus
              definition:  ISO7816_Cmd
              definition:  ISO7816_DeInit
              definition:  ISO7816_GetBaudrate
              definition:  ISO7816_GetFlag
              definition:  ISO7816_GetINTStatus
              definition:  ISO7816_GetLastReceiveCHKSUM
              definition:  ISO7816_GetLastTransmitACK
              definition:  ISO7816_GetRxCount
              definition:  ISO7816_GetTxCount
              definition:  ISO7816_INTConfig
              definition:  ISO7816_IRQn
              definition:  __iar_cc..0x70b58c78 7c62e557
              definition:  ISO7816_Init
              definition:  ISO7816_ReceiveData
              definition:  ISO7816_SendData
              definition:  ISO7816_StructInit
              definition:  ISO7816_TransmitData
Loading object D:\ElsewedyElectrometer\FinalVersion\Module\Module\Compiler\Debug\Obj\V94XX_ISR.o.
              reference :  ANA_ClearINTStatus
              reference :  ANA_GetINTStatus
              reference :  ARM_ISO78160_IRQHandler
              reference :  CORTEX_NVIC_SystemReset
              reference :  RTC_ClearINTStatus
              reference :  RTC_GetINTStatus
              reference :  TMR_ClearINTStatus
              reference :  TMR_GetINTStatus
              reference :  UART_ClearINTStatus
              reference :  UART_ReceiveData
              reference :  get_even_flag_uart
              definition:  ANA_IRQHandler
              definition:  DMA_IRQHandler
              definition:  FLASH_IRQHandler
              definition:  HardFault_Handler
              definition:  I2C_IRQHandler
              definition:  ISO7816_IRQHandler
              definition:  NMI_Handler
              definition:  PMU_IRQHandler
              definition:  PWM0_IRQHandler
              definition:  PWM1_IRQHandler
              definition:  PWM2_IRQHandler
              definition:  PWM3_IRQHandler
              definition:  PendSV_Handler
              definition:  RTC_IRQHandler
              definition:  SPI1_IRQHandler
              definition:  SVC_Handler
              definition:  SysTick_Handler
              definition:  TMR0_IRQHandler
              definition:  TMR1_IRQHandler
              definition:  TMR2_IRQHandler
              definition:  TMR3_IRQHandler
              definition:  U32K0_IRQHandler
              definition:  U32K1_IRQHandler
              definition:  UART0_IRQHandler
              definition:  UART1_IRQHandler
              definition:  UART2_IRQHandler
              definition:  UART4_IRQHandler
              definition:  UART5_IRQHandler
              definition:  counter_1ms
              definition:  uart_receive_byte
Loading object D:\ElsewedyElectrometer\FinalVersion\Module\Module\Compiler\Debug\Obj\V94XX_LCD.o.
              reference :  NVR_GetLCDInfo
              definition:  LCD_BiasModeConfig
              definition:  LCD_Cmd
              definition:  LCD_DeInit
              definition:  LCD_IOConfig
              definition:  LCD_Init
              definition:  LCD_SetSEG
              definition:  LCD_StructInit
              definition:  LCD_VoltageConfig
              definition:  lcd_comio
              definition:  lcd_segio
Loading object D:\ElsewedyElectrometer\FinalVersion\Module\Module\Compiler\Debug\Obj\V94XX_LoadNVR.o.
              reference :  CLK_GetPCLKFreq
              reference :  RTC_WaitForSynchro
              reference :  RTC_WriteProtection
              reference :  __aeabi_d2f
              reference :  __aeabi_ddiv
              reference :  __aeabi_f2iz
              reference :  __aeabi_fmul
              reference :  __aeabi_i2d
              reference :  __aeabi_ui2d
              reference :  __aeabi_ui2f
              definition:  NVR_GetBATOffset
              definition:  NVR_GetChipID
              definition:  NVR_GetInfo_LoadRTCData
              definition:  NVR_GetLCDInfo
              definition:  NVR_GetMISCGain
              definition:  NVR_LoadANADataManual
Loading object D:\ElsewedyElectrometer\FinalVersion\Module\Module\Compiler\Debug\Obj\V94XX_MISC.o.
              definition:  MISC_ClearFlag
              definition:  MISC_GetAHBErrAddr
              definition:  MISC_GetAPBErrAddr
              definition:  MISC_GetFlag
              definition:  MISC_GetSRAMPEAddr
              definition:  MISC_HardFaultCmd
              definition:  MISC_INTConfig
              definition:  MISC_IRCmd
              definition:  MISC_IRDutyConfig
              definition:  MISC_IRQLATConfig
              definition:  MISC_LockResetCmd
              definition:  MISC_SRAMParityCmd
Loading object D:\ElsewedyElectrometer\FinalVersion\Module\Module\Compiler\Debug\Obj\V94XX_PMU.o.
              reference :  CLK_GetHCLKFreq
              reference :  CORTEX_SetPriority_ClearPending_EnableIRQ
              reference :  PMU_EnterIdle_FlashDSTB
              reference :  WDT_Disable
              reference :  __aeabi_uidiv
              reference :  ana_reg3_tmp
              definition:  PMU_ADCBGP_Cmd
              definition:  PMU_BATDischargeConfig
              definition:  PMU_ClearINTStatus
              definition:  PMU_ClearIOAINTStatus
              definition:  PMU_DeepSleepWKUSRC_Config_IOA
              definition:  PMU_DeepSleepWKUSRC_Config_RTC
              definition:  PMU_EnterDSleepMode
              definition:  PMU_EnterDSleep_LowPower
              definition:  PMU_EnterIdleMode
              definition:  PMU_EnterIdle_LowPower
              definition:  PMU_EnterSleepMode
              definition:  PMU_EnterSleep_LowPower
              definition:  PMU_GetINTStatus
              definition:  PMU_GetIOAAllINTStatus
              definition:  PMU_GetIOAINTStatus
              definition:  PMU_GetModeStatus
              definition:  PMU_GetPWRSRCStatus
              definition:  PMU_GetPowerStatus
              definition:  PMU_GetRSTSource
              definition:  PMU_GetStatus
              definition:  PMU_GetVDCINDropStatus
              definition:  PMU_GetVDDALARMStatus
              definition:  PMU_GetVDDLVStatus
              definition:  PMU_INTConfig
              definition:  PMU_MainPowerConfig
              definition:  PMU_PDNDSleepConfig
              definition:  PMU_PWRDropDEBConfig
              definition:  PMU_PowerSWTLevelConfig
              definition:  PMU_SleepWKUSRC_Config_IOA
              definition:  PMU_SleepWKUSRC_Config_RTC
              definition:  PMU_VDCINDetector_Cmd
              definition:  PMU_VDDAlarmTHConfig
              definition:  PMU_VDDDetectorCmd
              definition:  PMU_VDDLVDetector_Cmd
              definition:  PMU_VDDOutput_Cmd
              definition:  PMU_WakeUpPinConfig
              definition:  timeout_pmu
              definition:  __iar_cc..0x70b58c78 7c62e557
Loading object D:\ElsewedyElectrometer\FinalVersion\Module\Module\Compiler\Debug\Obj\V94XX_PWM.o.
              definition:  PWM_BaseINTConfig
              definition:  PWM_BaseInit
              definition:  PWM_BaseStructInit
              definition:  PWM_CCRConfig
              definition:  PWM_ChannelINTConfig
              definition:  PWM_ClearBaseINTStatus
              definition:  PWM_ClearChannelINTStatus
              definition:  PWM_ClearCounter
              definition:  PWM_GetBaseINTStatus
              definition:  PWM_GetChannelINTStatus
              definition:  PWM_OC0Init
              definition:  PWM_OC1Init
              definition:  PWM_OC2Init
              definition:  PWM_OCStructInit
              definition:  PWM_OLineConfig
              definition:  PWM_OutputCmd
              definition:  PWM_SetOutLevel
Loading object D:\ElsewedyElectrometer\FinalVersion\Module\Module\Compiler\Debug\Obj\V94XX_RTC.o.
              reference :  CLK_GetPCLKFreq
              reference :  __aeabi_uidiv
              reference :  __aeabi_uread4
              reference :  __aeabi_uwrite4
              definition:  RTC_AutoCalCmd
              definition:  RTC_AutoCalCmdUnlock
              definition:  RTC_AutoCalInit
              definition:  RTC_AutoCalStructInit
              definition:  RTC_ClearINTStatus
              definition:  RTC_GetACBusyFlag
              definition:  RTC_GetINTStatus
              definition:  RTC_GetTime
              definition:  RTC_GetWKUCounterValue
              definition:  RTC_INTConfig
              definition:  RTC_PLLDIVConfig
              definition:  RTC_PLLDIVOutputCmd
              definition:  RTC_PrescalerConfig
              definition:  RTC_ReadRegisters
              definition:  RTC_SetTime
              definition:  RTC_StartAutoCalManual
              definition:  RTC_TrigSourceConfig
              definition:  RTC_Unlock
              definition:  RTC_WKUCounterConfig
              definition:  RTC_WKUHoursConfig
              definition:  RTC_WKUMinutesConfig
              definition:  RTC_WKUSecondsConfig
              definition:  RTC_WaitForAutoCalManual
              definition:  RTC_WaitForSynchro
              definition:  RTC_WriteProtection
              definition:  RTC_WriteRegisters
Loading object D:\ElsewedyElectrometer\FinalVersion\Module\Module\Compiler\Debug\Obj\V94XX_SPI.o.
              definition:  SPI_ClearStatus
              definition:  SPI_Cmd
              definition:  SPI_DeviceInit
              definition:  SPI_GetReceiveFIFOLevel
              definition:  SPI_GetStatus
              definition:  SPI_GetTransmitFIFOLevel
              definition:  SPI_INTConfig
              definition:  SPI_Init
              definition:  SPI_OverWriteModeCmd
              definition:  SPI_ReceiveData
              definition:  SPI_ReceiveFIFOLevelConfig
              definition:  SPI_SendData
              definition:  SPI_SmartModeCmd
              definition:  SPI_StructInit
              definition:  SPI_TransmitFIFOLevelConfig
Loading object D:\ElsewedyElectrometer\FinalVersion\Module\Module\Compiler\Debug\Obj\V94XX_TMR.o.
              definition:  TMR_ClearINTStatus
              definition:  TMR_Cmd
              definition:  TMR_DeInit
              definition:  TMR_GetCurrentValue
              definition:  TMR_GetINTStatus
              definition:  TMR_INTConfig
              definition:  TMR_Init
              definition:  TMR_StructInit
Loading object D:\ElsewedyElectrometer\FinalVersion\Module\Module\Compiler\Debug\Obj\V94XX_U32K.o.
              definition:  U32K_BaudrateConfig
              definition:  U32K_ClearINTStatus
              definition:  U32K_Cmd
              definition:  U32K_DeInit
              definition:  U32K_GetINTStatus
              definition:  U32K_INTConfig
              definition:  U32K_Init
              definition:  U32K_LineConfig
              definition:  U32K_ReceiveData
              definition:  U32K_StructInit
              definition:  U32K_WKUModeConfig
Loading object D:\ElsewedyElectrometer\FinalVersion\Module\Module\Compiler\Debug\Obj\V94XX_UART.o.
              reference :  CLK_GetPCLKFreq
              reference :  __aeabi_uidiv
              reference :  __aeabi_uidivmod
              definition:  UART_BaudrateConfig
              definition:  UART_ClearFlag
              definition:  UART_ClearINTStatus
              definition:  UART_Cmd
              definition:  UART_DeInit
              definition:  UART_GetConfigINFO
              definition:  UART_GetFlag
              definition:  UART_GetINTStatus
              definition:  UART_INTConfig
              definition:  UART_Init
              definition:  UART_ReceiveData
              definition:  UART_SendData
              definition:  UART_StructInit
Loading object D:\ElsewedyElectrometer\FinalVersion\Module\Module\Compiler\Debug\Obj\V94XX_Version.o.
              definition:  Target_GetDriveVersion
Loading object D:\ElsewedyElectrometer\FinalVersion\Module\Module\Compiler\Debug\Obj\V94XX_WDT.o.
              definition:  WDT_Clear
              definition:  WDT_Disable
              definition:  WDT_Enable
              definition:  WDT_GetCounterValue
              definition:  WDT_SetPeriod
Resolving duplicate symbol definitions
  Picking __iar_cc..0x70b58c78 7c62e557 [s201 D:\ElsewedyElectrometer\FinalVersion\Module\Module\Compiler\Debug\Obj\V94XX_PMU.o]
    Suppressing __iar_cc..0x70b58c78 7c62e557 [s85 D:\ElsewedyElectrometer\FinalVersion\Module\Module\Compiler\Debug\Obj\UART_Program.o]
    Suppressing __iar_cc..0x70b58c78 7c62e557 [s109 D:\ElsewedyElectrometer\FinalVersion\Module\Module\Compiler\Debug\Obj\V94XX_CORTEX.o]
    Suppressing __iar_cc..0x70b58c78 7c62e557 [s17 D:\ElsewedyElectrometer\FinalVersion\Module\Module\Compiler\Debug\Obj\V94XX_ISO7816.o]
*** Marking from roots ***
Marking symbol __iar_section$$root                  (3 keypad.o) [__root]
  Marking fragment #622 .module_header (8 keypad.o)
Marking symbol __iar_section$$root                  (4 keypad.o) [__root]
  Marking fragment #4879 .module_code (9 keypad.o)
Marking symbol __iar_section$$root                  (5 keypad.o) [__root]
  Marking fragment #4880 .module_code (9 keypad.o)
Marking symbol __iar_section$$root                  (6 keypad.o) [__root]
  Marking fragment #4881 .module_code (9 keypad.o)
Marking symbol __iar_section$$root                  (7 keypad.o) [__root]
  Marking fragment #4882 .module_code (9 keypad.o)
Marking symbol __iar_section$$root                  (8 keypad.o) [__root]
  Marking fragment #624 .module_func_table (10 keypad.o)
Marking from fragment #624 .module_func_table (10 keypad.o)
  Marking symbol keypad_init                      Glb (49 keypad.o)
  Marking symbol keypad_deinit                    Glb (46 keypad.o)
  Marking symbol keypad_get_key                   Glb (48 keypad.o)
  Marking symbol keypad_wait_for_key              Glb (50 keypad.o)
Marking from fragment #4882 .module_code (9 keypad.o)
  Marking symbol keypad_get_key                   Glb (48 keypad.o)
Marking from fragment #4881 .module_code (9 keypad.o)
  Marking symbol keypad_init                      Glb (49 keypad.o)
Marking from fragment #4880 .module_code (9 keypad.o)
Marking from fragment #4879 .module_code (9 keypad.o)
Marking from fragment #622 .module_header (8 keypad.o)
*** Marking optional init routines ***
*** Marking debug sections ***
----- pass 1
References #624 .module_func_table (10 keypad.o)
  Marking fragment #626 .debug_info (12 keypad.o)
References #622 .module_header (8 keypad.o)
  Marking fragment #627 .debug_info (13 keypad.o)
References #4879 .module_code (9 keypad.o)
  Marking fragment #629 .debug_frame (15 keypad.o)
References #4879 .module_code (9 keypad.o)
  Marking fragment #630 .iar.debug_line (17 keypad.o)
References #4879 .module_code (9 keypad.o)
  Marking fragment #631 .debug_line (18 keypad.o)
References #4879 .module_code (9 keypad.o)
  Marking fragment #632 .debug_info (19 keypad.o)
References #4880 .module_code (9 keypad.o)
  Marking fragment #633 .debug_frame (21 keypad.o)
References #4880 .module_code (9 keypad.o)
  Marking fragment #634 .iar.debug_line (23 keypad.o)
References #4880 .module_code (9 keypad.o)
  Marking fragment #635 .debug_line (24 keypad.o)
References #4880 .module_code (9 keypad.o)
  Marking fragment #636 .debug_info (25 keypad.o)
References #4881 .module_code (9 keypad.o)
  Marking fragment #637 .debug_frame (26 keypad.o)
References #4881 .module_code (9 keypad.o)
  Marking fragment #638 .iar.debug_line (28 keypad.o)
References #4881 .module_code (9 keypad.o)
  Marking fragment #639 .debug_line (29 keypad.o)
References #4881 .module_code (9 keypad.o)
  Marking fragment #640 .debug_info (30 keypad.o)
References #4882 .module_code (9 keypad.o)
  Marking fragment #641 .debug_frame (31 keypad.o)
References #4882 .module_code (9 keypad.o)
  Marking fragment #642 .iar.debug_line (33 keypad.o)
References #4882 .module_code (9 keypad.o)
  Marking fragment #643 .debug_line (34 keypad.o)
References #4882 .module_code (9 keypad.o)
  Marking fragment #644 .debug_info (35 keypad.o)
References #627 .debug_info (13 keypad.o)
  Marking fragment #652 .debug_pubnames (44 keypad.o)
References #632 .debug_info (19 keypad.o)
  Marking fragment #653 .debug_pubnames (47 keypad.o)
References #4879 .module_code (9 keypad.o)
  Marking fragment #654 .debug_aranges (49 keypad.o)
References #636 .debug_info (25 keypad.o)
  Marking fragment #655 .debug_pubnames (52 keypad.o)
References #4880 .module_code (9 keypad.o)
  Marking fragment #656 .debug_aranges (54 keypad.o)
References #640 .debug_info (30 keypad.o)
  Marking fragment #657 .debug_pubnames (57 keypad.o)
References #4881 .module_code (9 keypad.o)
  Marking fragment #658 .debug_aranges (59 keypad.o)
References #644 .debug_info (35 keypad.o)
  Marking fragment #659 .debug_pubnames (62 keypad.o)
References #4882 .module_code (9 keypad.o)
  Marking fragment #660 .debug_aranges (64 keypad.o)
References #626 .debug_info (12 keypad.o)
  Marking fragment #661 .debug_pubnames (67 keypad.o)
References #4879 .module_code (9 keypad.o)
  Marking fragment #662 .iar.debug_frame (70 keypad.o)
References #4880 .module_code (9 keypad.o)
  Marking fragment #663 .iar.debug_frame (72 keypad.o)
References #4881 .module_code (9 keypad.o)
  Marking fragment #664 .iar.debug_frame (74 keypad.o)
References #4882 .module_code (9 keypad.o)
  Marking fragment #665 .iar.debug_frame (76 keypad.o)
----- pass 2
----- marking from debug sections
Marking from fragment #665 .iar.debug_frame (76 keypad.o)
  Marking symbol .module_code_7                       (18 keypad.o)
  Marking symbol .debug_frame31                       (19 keypad.o)
  Marking symbol .debug_info35                        (44 keypad.o)
Marking from fragment #664 .iar.debug_frame (74 keypad.o)
  Marking symbol .module_code_6                       (16 keypad.o)
  Marking symbol .debug_frame26                       (17 keypad.o)
  Marking symbol .debug_info30                        (40 keypad.o)
Marking from fragment #663 .iar.debug_frame (72 keypad.o)
  Marking symbol .module_code_5                       (14 keypad.o)
  Marking symbol .debug_frame21                       (15 keypad.o)
  Marking symbol .debug_info25                        (36 keypad.o)
Marking from fragment #662 .iar.debug_frame (70 keypad.o)
  Marking symbol .module_code9                        (11 keypad.o)
  Marking symbol .debug_frame15                       (12 keypad.o)
  Marking symbol .debug_info19                        (32 keypad.o)
Marking from fragment #661 .debug_pubnames (67 keypad.o)
  Marking symbol .debug_info12                        (45 keypad.o)
Marking from fragment #660 .debug_aranges (64 keypad.o)
  Marking symbol .debug_info35                        (44 keypad.o)
  Marking symbol .module_code_7                       (18 keypad.o)
Marking from fragment #659 .debug_pubnames (62 keypad.o)
  Marking symbol .debug_info35                        (44 keypad.o)
Marking from fragment #658 .debug_aranges (59 keypad.o)
  Marking symbol .debug_info30                        (40 keypad.o)
  Marking symbol .module_code_6                       (16 keypad.o)
Marking from fragment #657 .debug_pubnames (57 keypad.o)
  Marking symbol .debug_info30                        (40 keypad.o)
Marking from fragment #656 .debug_aranges (54 keypad.o)
  Marking symbol .debug_info25                        (36 keypad.o)
  Marking symbol .module_code_5                       (14 keypad.o)
Marking from fragment #655 .debug_pubnames (52 keypad.o)
  Marking symbol .debug_info25                        (36 keypad.o)
Marking from fragment #654 .debug_aranges (49 keypad.o)
  Marking symbol .debug_info19                        (32 keypad.o)
  Marking symbol .module_code9                        (11 keypad.o)
Marking from fragment #653 .debug_pubnames (47 keypad.o)
  Marking symbol .debug_info19                        (32 keypad.o)
Marking from fragment #652 .debug_pubnames (44 keypad.o)
  Marking symbol .debug_info13                        (28 keypad.o)
Marking from fragment #644 .debug_info (35 keypad.o)
  Marking symbol .debug_abbrev42                      (24 keypad.o)
    Marking fragment #651 .debug_abbrev (42 keypad.o)
  Marking symbol .module_code_7                       (18 keypad.o)
  Marking symbol .debug_line34                        (42 keypad.o)
  Marking symbol .iar.debug_line33                    (43 keypad.o)
  Marking symbol .debug_info7                         (25 keypad.o)
    Marking fragment #621 .debug_info (7 keypad.o)
  Marking symbol .debug_info7                         (25 keypad.o)
  Marking symbol .debug_loc40                         (41 keypad.o)
    Marking fragment #649 .debug_loc (40 keypad.o)
  Marking symbol .module_code_7                       (18 keypad.o)
  Marking symbol .module_code_7                       (18 keypad.o)
  Marking symbol .debug_info7                         (25 keypad.o)
  Marking symbol .debug_loc40                         (41 keypad.o)
Marking from fragment #649 .debug_loc (40 keypad.o)
Marking from fragment #621 .debug_info (7 keypad.o)
  Marking symbol .debug_abbrev42                      (24 keypad.o)
  Marking symbol .debug_line6                         (26 keypad.o)
    Marking fragment #620 .debug_line (6 keypad.o)
  Marking symbol .debug_macinfo41                     (27 keypad.o)
    Marking fragment #650 .debug_macinfo (41 keypad.o)
Marking from fragment #650 .debug_macinfo (41 keypad.o)
Marking from fragment #620 .debug_line (6 keypad.o)
Marking from fragment #651 .debug_abbrev (42 keypad.o)
Marking from fragment #643 .debug_line (34 keypad.o)
  Marking symbol .module_code_7                       (18 keypad.o)
Marking from fragment #642 .iar.debug_line (33 keypad.o)
  Marking symbol .module_code_7                       (18 keypad.o)
  Marking symbol .debug_info35                        (44 keypad.o)
  Marking symbol .debug_info30                        (40 keypad.o)
Marking from fragment #641 .debug_frame (31 keypad.o)
  Marking symbol .debug_frame31                       (19 keypad.o)
  Marking symbol .module_code_7                       (18 keypad.o)
Marking from fragment #640 .debug_info (30 keypad.o)
  Marking symbol .debug_abbrev42                      (24 keypad.o)
  Marking symbol .module_code_6                       (16 keypad.o)
  Marking symbol .debug_line29                        (38 keypad.o)
  Marking symbol .iar.debug_line28                    (39 keypad.o)
  Marking symbol .debug_info7                         (25 keypad.o)
  Marking symbol .debug_info7                         (25 keypad.o)
  Marking symbol .debug_loc39                         (37 keypad.o)
    Marking fragment #648 .debug_loc (39 keypad.o)
  Marking symbol .module_code_6                       (16 keypad.o)
  Marking symbol .module_code_6                       (16 keypad.o)
Marking from fragment #648 .debug_loc (39 keypad.o)
Marking from fragment #639 .debug_line (29 keypad.o)
  Marking symbol .module_code_6                       (16 keypad.o)
Marking from fragment #638 .iar.debug_line (28 keypad.o)
  Marking symbol .module_code_6                       (16 keypad.o)
  Marking symbol .debug_info30                        (40 keypad.o)
  Marking symbol .debug_info19                        (32 keypad.o)
Marking from fragment #637 .debug_frame (26 keypad.o)
  Marking symbol .debug_frame26                       (17 keypad.o)
  Marking symbol .module_code_6                       (16 keypad.o)
Marking from fragment #636 .debug_info (25 keypad.o)
  Marking symbol .debug_abbrev42                      (24 keypad.o)
  Marking symbol .module_code_5                       (14 keypad.o)
  Marking symbol .debug_line24                        (34 keypad.o)
  Marking symbol .iar.debug_line23                    (35 keypad.o)
  Marking symbol .debug_info7                         (25 keypad.o)
  Marking symbol .debug_loc38                         (33 keypad.o)
    Marking fragment #647 .debug_loc (38 keypad.o)
  Marking symbol .module_code_5                       (14 keypad.o)
  Marking symbol .module_code_5                       (14 keypad.o)
Marking from fragment #647 .debug_loc (38 keypad.o)
Marking from fragment #635 .debug_line (24 keypad.o)
  Marking symbol .module_code_5                       (14 keypad.o)
Marking from fragment #634 .iar.debug_line (23 keypad.o)
  Marking symbol .module_code_5                       (14 keypad.o)
  Marking symbol .debug_info25                        (36 keypad.o)
Marking from fragment #633 .debug_frame (21 keypad.o)
  Marking symbol .debug_frame21                       (15 keypad.o)
  Marking symbol .module_code_5                       (14 keypad.o)
Marking from fragment #632 .debug_info (19 keypad.o)
  Marking symbol .debug_abbrev42                      (24 keypad.o)
  Marking symbol .module_code9                        (11 keypad.o)
  Marking symbol .debug_line18                        (30 keypad.o)
  Marking symbol .iar.debug_line17                    (31 keypad.o)
  Marking symbol .debug_info7                         (25 keypad.o)
  Marking symbol .debug_info7                         (25 keypad.o)
  Marking symbol .debug_loc37                         (29 keypad.o)
    Marking fragment #646 .debug_loc (37 keypad.o)
  Marking symbol .module_code9                        (11 keypad.o)
  Marking symbol .module_code9                        (11 keypad.o)
Marking from fragment #646 .debug_loc (37 keypad.o)
Marking from fragment #631 .debug_line (18 keypad.o)
  Marking symbol .module_code9                        (11 keypad.o)
Marking from fragment #630 .iar.debug_line (17 keypad.o)
  Marking symbol .module_code9                        (11 keypad.o)
  Marking symbol .debug_info19                        (32 keypad.o)
Marking from fragment #629 .debug_frame (15 keypad.o)
  Marking symbol .debug_frame15                       (12 keypad.o)
  Marking symbol .module_code9                        (11 keypad.o)
Marking from fragment #627 .debug_info (13 keypad.o)
  Marking symbol .debug_abbrev42                      (24 keypad.o)
  Marking symbol .debug_line6                         (26 keypad.o)
  Marking symbol .debug_macinfo41                     (27 keypad.o)
  Marking symbol .debug_info7                         (25 keypad.o)
  Marking symbol .module_header8                      (9 keypad.o)
Marking from fragment #626 .debug_info (12 keypad.o)
  Marking symbol .debug_abbrev42                      (24 keypad.o)
  Marking symbol .debug_line6                         (26 keypad.o)
  Marking symbol .debug_macinfo41                     (27 keypad.o)
  Marking symbol .debug_info7                         (25 keypad.o)
  Marking symbol .module_func_table10                 (20 keypad.o)
